<?xml version="1.0" encoding="UTF-8"?>
<!-- Generated by org.testng.reporters.JUnitReportReporter -->
<testsuite skipped="0" hostname="DESKTOP-1SF9GD8" name="MavenGuru99Package.MavenGuru99Project.NewTest" tests="3" failures="0" timestamp="24 Nov 2018 11:28:20 GMT" time="5.327" errors="0">
  <testcase name="ClickOnAccount" time="0.293" classname="MavenGuru99Package.MavenGuru99Project.NewTest"/>
  <testcase name="VarifyLogin" time="3.556" classname="MavenGuru99Package.MavenGuru99Project.NewTest"/>
  <testcase name="LogOut" time="1.478" classname="MavenGuru99Package.MavenGuru99Project.NewTest"/>
</testsuite> <!-- MavenGuru99Package.MavenGuru99Project.NewTest -->
